CRITICAL - 2025-02-27 15:22:29 --> ErrorException: Trying to access array offset on value of type null
[Method: GET, Route: Eventos/obtenerEvento/images/profile/17.jpg]
in APPPATH\Views\layouts\mapa.php on line 274.
 1 APPPATH\Views\layouts\mapa.php(274): CodeIgniter\Debug\Exceptions->errorHandler(2, 'Trying to access array offset on value of type null', 'C:\\laragon\\www\\mapa\\app\\Views\\layouts\\mapa.php', 274)
 2 FCPATH\vendor\codeigniter4\framework\system\View\View.php(224): include('C:\\laragon\\www\\mapa\\app\\Views\\layouts\\mapa.php')
 3 FCPATH\vendor\codeigniter4\framework\system\View\View.php(227): CodeIgniter\View\View->CodeIgniter\View\{closure}()
 4 SYSTEMPATH\Common.php(1171): CodeIgniter\View\View->render('layouts/mapa', [], true)
 5 APPPATH\Controllers\Eventos.php(198): view('layouts/mapa', [...])
 6 FCPATH\vendor\codeigniter4\framework\system\CodeIgniter.php(933): App\Controllers\Eventos->obtenerEvento('images', 'profile', '17.jpg')
 7 FCPATH\vendor\codeigniter4\framework\system\CodeIgniter.php(507): CodeIgniter\CodeIgniter->runController(Object(App\Controllers\Eventos))
 8 FCPATH\vendor\codeigniter4\framework\system\CodeIgniter.php(354): CodeIgniter\CodeIgniter->handleRequest(null, Object(Config\Cache), false)
 9 SYSTEMPATH\Boot.php(334): CodeIgniter\CodeIgniter->run()
10 SYSTEMPATH\Boot.php(67): CodeIgniter\Boot::runCodeIgniter(Object(CodeIgniter\CodeIgniter))
11 FCPATH\index.php(56): CodeIgniter\Boot::bootWeb(Object(Config\Paths))
CRITICAL - 2025-02-27 15:29:01 --> ErrorException: Trying to access array offset on value of type null
[Method: GET, Route: Eventos/obtenerEvento/images/profile/17.jpg]
in APPPATH\Views\layouts\mapa.php on line 274.
 1 APPPATH\Views\layouts\mapa.php(274): CodeIgniter\Debug\Exceptions->errorHandler(2, 'Trying to access array offset on value of type null', 'C:\\laragon\\www\\mapa\\app\\Views\\layouts\\mapa.php', 274)
 2 FCPATH\vendor\codeigniter4\framework\system\View\View.php(224): include('C:\\laragon\\www\\mapa\\app\\Views\\layouts\\mapa.php')
 3 FCPATH\vendor\codeigniter4\framework\system\View\View.php(227): CodeIgniter\View\View->CodeIgniter\View\{closure}()
 4 SYSTEMPATH\Common.php(1171): CodeIgniter\View\View->render('layouts/mapa', [], true)
 5 APPPATH\Controllers\Eventos.php(198): view('layouts/mapa', [...])
 6 FCPATH\vendor\codeigniter4\framework\system\CodeIgniter.php(933): App\Controllers\Eventos->obtenerEvento('images', 'profile', '17.jpg')
 7 FCPATH\vendor\codeigniter4\framework\system\CodeIgniter.php(507): CodeIgniter\CodeIgniter->runController(Object(App\Controllers\Eventos))
 8 FCPATH\vendor\codeigniter4\framework\system\CodeIgniter.php(354): CodeIgniter\CodeIgniter->handleRequest(null, Object(Config\Cache), false)
 9 SYSTEMPATH\Boot.php(334): CodeIgniter\CodeIgniter->run()
10 SYSTEMPATH\Boot.php(67): CodeIgniter\Boot::runCodeIgniter(Object(CodeIgniter\CodeIgniter))
11 FCPATH\index.php(56): CodeIgniter\Boot::bootWeb(Object(Config\Paths))
CRITICAL - 2025-02-27 15:29:21 --> ErrorException: Trying to access array offset on value of type null
[Method: GET, Route: Eventos/obtenerEvento/images/profile/17.jpg]
in APPPATH\Views\layouts\mapa.php on line 274.
 1 APPPATH\Views\layouts\mapa.php(274): CodeIgniter\Debug\Exceptions->errorHandler(2, 'Trying to access array offset on value of type null', 'C:\\laragon\\www\\mapa\\app\\Views\\layouts\\mapa.php', 274)
 2 FCPATH\vendor\codeigniter4\framework\system\View\View.php(224): include('C:\\laragon\\www\\mapa\\app\\Views\\layouts\\mapa.php')
 3 FCPATH\vendor\codeigniter4\framework\system\View\View.php(227): CodeIgniter\View\View->CodeIgniter\View\{closure}()
 4 SYSTEMPATH\Common.php(1171): CodeIgniter\View\View->render('layouts/mapa', [], true)
 5 APPPATH\Controllers\Eventos.php(198): view('layouts/mapa', [...])
 6 FCPATH\vendor\codeigniter4\framework\system\CodeIgniter.php(933): App\Controllers\Eventos->obtenerEvento('images', 'profile', '17.jpg')
 7 FCPATH\vendor\codeigniter4\framework\system\CodeIgniter.php(507): CodeIgniter\CodeIgniter->runController(Object(App\Controllers\Eventos))
 8 FCPATH\vendor\codeigniter4\framework\system\CodeIgniter.php(354): CodeIgniter\CodeIgniter->handleRequest(null, Object(Config\Cache), false)
 9 SYSTEMPATH\Boot.php(334): CodeIgniter\CodeIgniter->run()
10 SYSTEMPATH\Boot.php(67): CodeIgniter\Boot::runCodeIgniter(Object(CodeIgniter\CodeIgniter))
11 FCPATH\index.php(56): CodeIgniter\Boot::bootWeb(Object(Config\Paths))
CRITICAL - 2025-02-27 15:59:45 --> ErrorException: Trying to access array offset on value of type null
[Method: GET, Route: Eventos/obtenerEvento/images/profile/17.jpg]
in APPPATH\Views\layouts\mapa.php on line 274.
 1 APPPATH\Views\layouts\mapa.php(274): CodeIgniter\Debug\Exceptions->errorHandler(2, 'Trying to access array offset on value of type null', 'C:\\laragon\\www\\mapa\\app\\Views\\layouts\\mapa.php', 274)
 2 FCPATH\vendor\codeigniter4\framework\system\View\View.php(224): include('C:\\laragon\\www\\mapa\\app\\Views\\layouts\\mapa.php')
 3 FCPATH\vendor\codeigniter4\framework\system\View\View.php(227): CodeIgniter\View\View->CodeIgniter\View\{closure}()
 4 SYSTEMPATH\Common.php(1171): CodeIgniter\View\View->render('layouts/mapa', [], true)
 5 APPPATH\Controllers\Eventos.php(198): view('layouts/mapa', [...])
 6 FCPATH\vendor\codeigniter4\framework\system\CodeIgniter.php(933): App\Controllers\Eventos->obtenerEvento('images', 'profile', '17.jpg')
 7 FCPATH\vendor\codeigniter4\framework\system\CodeIgniter.php(507): CodeIgniter\CodeIgniter->runController(Object(App\Controllers\Eventos))
 8 FCPATH\vendor\codeigniter4\framework\system\CodeIgniter.php(354): CodeIgniter\CodeIgniter->handleRequest(null, Object(Config\Cache), false)
 9 SYSTEMPATH\Boot.php(334): CodeIgniter\CodeIgniter->run()
10 SYSTEMPATH\Boot.php(67): CodeIgniter\Boot::runCodeIgniter(Object(CodeIgniter\CodeIgniter))
11 FCPATH\index.php(56): CodeIgniter\Boot::bootWeb(Object(Config\Paths))
CRITICAL - 2025-02-27 15:59:49 --> ErrorException: Trying to access array offset on value of type null
[Method: GET, Route: Eventos/obtenerEvento/images/profile/17.jpg]
in APPPATH\Views\layouts\mapa.php on line 274.
 1 APPPATH\Views\layouts\mapa.php(274): CodeIgniter\Debug\Exceptions->errorHandler(2, 'Trying to access array offset on value of type null', 'C:\\laragon\\www\\mapa\\app\\Views\\layouts\\mapa.php', 274)
 2 FCPATH\vendor\codeigniter4\framework\system\View\View.php(224): include('C:\\laragon\\www\\mapa\\app\\Views\\layouts\\mapa.php')
 3 FCPATH\vendor\codeigniter4\framework\system\View\View.php(227): CodeIgniter\View\View->CodeIgniter\View\{closure}()
 4 SYSTEMPATH\Common.php(1171): CodeIgniter\View\View->render('layouts/mapa', [], true)
 5 APPPATH\Controllers\Eventos.php(198): view('layouts/mapa', [...])
 6 FCPATH\vendor\codeigniter4\framework\system\CodeIgniter.php(933): App\Controllers\Eventos->obtenerEvento('images', 'profile', '17.jpg')
 7 FCPATH\vendor\codeigniter4\framework\system\CodeIgniter.php(507): CodeIgniter\CodeIgniter->runController(Object(App\Controllers\Eventos))
 8 FCPATH\vendor\codeigniter4\framework\system\CodeIgniter.php(354): CodeIgniter\CodeIgniter->handleRequest(null, Object(Config\Cache), false)
 9 SYSTEMPATH\Boot.php(334): CodeIgniter\CodeIgniter->run()
10 SYSTEMPATH\Boot.php(67): CodeIgniter\Boot::runCodeIgniter(Object(CodeIgniter\CodeIgniter))
11 FCPATH\index.php(56): CodeIgniter\Boot::bootWeb(Object(Config\Paths))
CRITICAL - 2025-02-27 16:17:21 --> ErrorException: Trying to access array offset on value of type null
[Method: GET, Route: Eventos/obtenerEvento/images/profile/17.jpg]
in APPPATH\Views\layouts\mapa.php on line 273.
 1 APPPATH\Views\layouts\mapa.php(273): CodeIgniter\Debug\Exceptions->errorHandler(2, 'Trying to access array offset on value of type null', 'C:\\laragon\\www\\mapa\\app\\Views\\layouts\\mapa.php', 273)
 2 FCPATH\vendor\codeigniter4\framework\system\View\View.php(224): include('C:\\laragon\\www\\mapa\\app\\Views\\layouts\\mapa.php')
 3 FCPATH\vendor\codeigniter4\framework\system\View\View.php(227): CodeIgniter\View\View->CodeIgniter\View\{closure}()
 4 SYSTEMPATH\Common.php(1171): CodeIgniter\View\View->render('layouts/mapa', [], true)
 5 APPPATH\Controllers\Eventos.php(198): view('layouts/mapa', [...])
 6 FCPATH\vendor\codeigniter4\framework\system\CodeIgniter.php(933): App\Controllers\Eventos->obtenerEvento('images', 'profile', '17.jpg')
 7 FCPATH\vendor\codeigniter4\framework\system\CodeIgniter.php(507): CodeIgniter\CodeIgniter->runController(Object(App\Controllers\Eventos))
 8 FCPATH\vendor\codeigniter4\framework\system\CodeIgniter.php(354): CodeIgniter\CodeIgniter->handleRequest(null, Object(Config\Cache), false)
 9 SYSTEMPATH\Boot.php(334): CodeIgniter\CodeIgniter->run()
10 SYSTEMPATH\Boot.php(67): CodeIgniter\Boot::runCodeIgniter(Object(CodeIgniter\CodeIgniter))
11 FCPATH\index.php(56): CodeIgniter\Boot::bootWeb(Object(Config\Paths))
CRITICAL - 2025-02-27 16:17:39 --> ErrorException: Trying to access array offset on value of type null
[Method: GET, Route: Eventos/obtenerEvento/images/profile/17.jpg]
in APPPATH\Views\layouts\mapa.php on line 273.
 1 APPPATH\Views\layouts\mapa.php(273): CodeIgniter\Debug\Exceptions->errorHandler(2, 'Trying to access array offset on value of type null', 'C:\\laragon\\www\\mapa\\app\\Views\\layouts\\mapa.php', 273)
 2 FCPATH\vendor\codeigniter4\framework\system\View\View.php(224): include('C:\\laragon\\www\\mapa\\app\\Views\\layouts\\mapa.php')
 3 FCPATH\vendor\codeigniter4\framework\system\View\View.php(227): CodeIgniter\View\View->CodeIgniter\View\{closure}()
 4 SYSTEMPATH\Common.php(1171): CodeIgniter\View\View->render('layouts/mapa', [], true)
 5 APPPATH\Controllers\Eventos.php(198): view('layouts/mapa', [...])
 6 FCPATH\vendor\codeigniter4\framework\system\CodeIgniter.php(933): App\Controllers\Eventos->obtenerEvento('images', 'profile', '17.jpg')
 7 FCPATH\vendor\codeigniter4\framework\system\CodeIgniter.php(507): CodeIgniter\CodeIgniter->runController(Object(App\Controllers\Eventos))
 8 FCPATH\vendor\codeigniter4\framework\system\CodeIgniter.php(354): CodeIgniter\CodeIgniter->handleRequest(null, Object(Config\Cache), false)
 9 SYSTEMPATH\Boot.php(334): CodeIgniter\CodeIgniter->run()
10 SYSTEMPATH\Boot.php(67): CodeIgniter\Boot::runCodeIgniter(Object(CodeIgniter\CodeIgniter))
11 FCPATH\index.php(56): CodeIgniter\Boot::bootWeb(Object(Config\Paths))
CRITICAL - 2025-02-27 16:17:55 --> ErrorException: Trying to access array offset on value of type null
[Method: GET, Route: Eventos/obtenerEvento/images/profile/17.jpg]
in APPPATH\Views\layouts\mapa.php on line 273.
 1 APPPATH\Views\layouts\mapa.php(273): CodeIgniter\Debug\Exceptions->errorHandler(2, 'Trying to access array offset on value of type null', 'C:\\laragon\\www\\mapa\\app\\Views\\layouts\\mapa.php', 273)
 2 FCPATH\vendor\codeigniter4\framework\system\View\View.php(224): include('C:\\laragon\\www\\mapa\\app\\Views\\layouts\\mapa.php')
 3 FCPATH\vendor\codeigniter4\framework\system\View\View.php(227): CodeIgniter\View\View->CodeIgniter\View\{closure}()
 4 SYSTEMPATH\Common.php(1171): CodeIgniter\View\View->render('layouts/mapa', [], true)
 5 APPPATH\Controllers\Eventos.php(198): view('layouts/mapa', [...])
 6 FCPATH\vendor\codeigniter4\framework\system\CodeIgniter.php(933): App\Controllers\Eventos->obtenerEvento('images', 'profile', '17.jpg')
 7 FCPATH\vendor\codeigniter4\framework\system\CodeIgniter.php(507): CodeIgniter\CodeIgniter->runController(Object(App\Controllers\Eventos))
 8 FCPATH\vendor\codeigniter4\framework\system\CodeIgniter.php(354): CodeIgniter\CodeIgniter->handleRequest(null, Object(Config\Cache), false)
 9 SYSTEMPATH\Boot.php(334): CodeIgniter\CodeIgniter->run()
10 SYSTEMPATH\Boot.php(67): CodeIgniter\Boot::runCodeIgniter(Object(CodeIgniter\CodeIgniter))
11 FCPATH\index.php(56): CodeIgniter\Boot::bootWeb(Object(Config\Paths))
CRITICAL - 2025-02-27 16:19:03 --> ErrorException: Trying to access array offset on value of type null
[Method: GET, Route: Eventos/obtenerEvento/images/profile/17.jpg]
in APPPATH\Views\layouts\mapa.php on line 273.
 1 APPPATH\Views\layouts\mapa.php(273): CodeIgniter\Debug\Exceptions->errorHandler(2, 'Trying to access array offset on value of type null', 'C:\\laragon\\www\\mapa\\app\\Views\\layouts\\mapa.php', 273)
 2 FCPATH\vendor\codeigniter4\framework\system\View\View.php(224): include('C:\\laragon\\www\\mapa\\app\\Views\\layouts\\mapa.php')
 3 FCPATH\vendor\codeigniter4\framework\system\View\View.php(227): CodeIgniter\View\View->CodeIgniter\View\{closure}()
 4 SYSTEMPATH\Common.php(1171): CodeIgniter\View\View->render('layouts/mapa', [], true)
 5 APPPATH\Controllers\Eventos.php(198): view('layouts/mapa', [...])
 6 FCPATH\vendor\codeigniter4\framework\system\CodeIgniter.php(933): App\Controllers\Eventos->obtenerEvento('images', 'profile', '17.jpg')
 7 FCPATH\vendor\codeigniter4\framework\system\CodeIgniter.php(507): CodeIgniter\CodeIgniter->runController(Object(App\Controllers\Eventos))
 8 FCPATH\vendor\codeigniter4\framework\system\CodeIgniter.php(354): CodeIgniter\CodeIgniter->handleRequest(null, Object(Config\Cache), false)
 9 SYSTEMPATH\Boot.php(334): CodeIgniter\CodeIgniter->run()
10 SYSTEMPATH\Boot.php(67): CodeIgniter\Boot::runCodeIgniter(Object(CodeIgniter\CodeIgniter))
11 FCPATH\index.php(56): CodeIgniter\Boot::bootWeb(Object(Config\Paths))
CRITICAL - 2025-02-27 16:19:15 --> ErrorException: Trying to access array offset on value of type null
[Method: GET, Route: Eventos/obtenerEvento/images/profile/17.jpg]
in APPPATH\Views\layouts\mapa.php on line 273.
 1 APPPATH\Views\layouts\mapa.php(273): CodeIgniter\Debug\Exceptions->errorHandler(2, 'Trying to access array offset on value of type null', 'C:\\laragon\\www\\mapa\\app\\Views\\layouts\\mapa.php', 273)
 2 FCPATH\vendor\codeigniter4\framework\system\View\View.php(224): include('C:\\laragon\\www\\mapa\\app\\Views\\layouts\\mapa.php')
 3 FCPATH\vendor\codeigniter4\framework\system\View\View.php(227): CodeIgniter\View\View->CodeIgniter\View\{closure}()
 4 SYSTEMPATH\Common.php(1171): CodeIgniter\View\View->render('layouts/mapa', [], true)
 5 APPPATH\Controllers\Eventos.php(198): view('layouts/mapa', [...])
 6 FCPATH\vendor\codeigniter4\framework\system\CodeIgniter.php(933): App\Controllers\Eventos->obtenerEvento('images', 'profile', '17.jpg')
 7 FCPATH\vendor\codeigniter4\framework\system\CodeIgniter.php(507): CodeIgniter\CodeIgniter->runController(Object(App\Controllers\Eventos))
 8 FCPATH\vendor\codeigniter4\framework\system\CodeIgniter.php(354): CodeIgniter\CodeIgniter->handleRequest(null, Object(Config\Cache), false)
 9 SYSTEMPATH\Boot.php(334): CodeIgniter\CodeIgniter->run()
10 SYSTEMPATH\Boot.php(67): CodeIgniter\Boot::runCodeIgniter(Object(CodeIgniter\CodeIgniter))
11 FCPATH\index.php(56): CodeIgniter\Boot::bootWeb(Object(Config\Paths))
CRITICAL - 2025-02-27 16:19:19 --> ErrorException: Trying to access array offset on value of type null
[Method: GET, Route: Eventos/obtenerEvento/images/profile/17.jpg]
in APPPATH\Views\layouts\mapa.php on line 273.
 1 APPPATH\Views\layouts\mapa.php(273): CodeIgniter\Debug\Exceptions->errorHandler(2, 'Trying to access array offset on value of type null', 'C:\\laragon\\www\\mapa\\app\\Views\\layouts\\mapa.php', 273)
 2 FCPATH\vendor\codeigniter4\framework\system\View\View.php(224): include('C:\\laragon\\www\\mapa\\app\\Views\\layouts\\mapa.php')
 3 FCPATH\vendor\codeigniter4\framework\system\View\View.php(227): CodeIgniter\View\View->CodeIgniter\View\{closure}()
 4 SYSTEMPATH\Common.php(1171): CodeIgniter\View\View->render('layouts/mapa', [], true)
 5 APPPATH\Controllers\Eventos.php(198): view('layouts/mapa', [...])
 6 FCPATH\vendor\codeigniter4\framework\system\CodeIgniter.php(933): App\Controllers\Eventos->obtenerEvento('images', 'profile', '17.jpg')
 7 FCPATH\vendor\codeigniter4\framework\system\CodeIgniter.php(507): CodeIgniter\CodeIgniter->runController(Object(App\Controllers\Eventos))
 8 FCPATH\vendor\codeigniter4\framework\system\CodeIgniter.php(354): CodeIgniter\CodeIgniter->handleRequest(null, Object(Config\Cache), false)
 9 SYSTEMPATH\Boot.php(334): CodeIgniter\CodeIgniter->run()
10 SYSTEMPATH\Boot.php(67): CodeIgniter\Boot::runCodeIgniter(Object(CodeIgniter\CodeIgniter))
11 FCPATH\index.php(56): CodeIgniter\Boot::bootWeb(Object(Config\Paths))
CRITICAL - 2025-02-27 17:38:11 --> ErrorException: Trying to access array offset on value of type null
[Method: GET, Route: Eventos/obtenerEvento/images/profile/17.jpg]
in APPPATH\Views\layouts\mapa.php on line 273.
 1 APPPATH\Views\layouts\mapa.php(273): CodeIgniter\Debug\Exceptions->errorHandler(2, 'Trying to access array offset on value of type null', 'C:\\laragon\\www\\mapa\\app\\Views\\layouts\\mapa.php', 273)
 2 FCPATH\vendor\codeigniter4\framework\system\View\View.php(224): include('C:\\laragon\\www\\mapa\\app\\Views\\layouts\\mapa.php')
 3 FCPATH\vendor\codeigniter4\framework\system\View\View.php(227): CodeIgniter\View\View->CodeIgniter\View\{closure}()
 4 SYSTEMPATH\Common.php(1171): CodeIgniter\View\View->render('layouts/mapa', [], true)
 5 APPPATH\Controllers\Eventos.php(198): view('layouts/mapa', [...])
 6 FCPATH\vendor\codeigniter4\framework\system\CodeIgniter.php(933): App\Controllers\Eventos->obtenerEvento('images', 'profile', '17.jpg')
 7 FCPATH\vendor\codeigniter4\framework\system\CodeIgniter.php(507): CodeIgniter\CodeIgniter->runController(Object(App\Controllers\Eventos))
 8 FCPATH\vendor\codeigniter4\framework\system\CodeIgniter.php(354): CodeIgniter\CodeIgniter->handleRequest(null, Object(Config\Cache), false)
 9 SYSTEMPATH\Boot.php(334): CodeIgniter\CodeIgniter->run()
10 SYSTEMPATH\Boot.php(67): CodeIgniter\Boot::runCodeIgniter(Object(CodeIgniter\CodeIgniter))
11 FCPATH\index.php(56): CodeIgniter\Boot::bootWeb(Object(Config\Paths))
CRITICAL - 2025-02-27 17:38:36 --> ErrorException: Trying to access array offset on value of type null
[Method: GET, Route: Eventos/obtenerEvento/images/profile/17.jpg]
in APPPATH\Views\layouts\mapa.php on line 273.
 1 APPPATH\Views\layouts\mapa.php(273): CodeIgniter\Debug\Exceptions->errorHandler(2, 'Trying to access array offset on value of type null', 'C:\\laragon\\www\\mapa\\app\\Views\\layouts\\mapa.php', 273)
 2 FCPATH\vendor\codeigniter4\framework\system\View\View.php(224): include('C:\\laragon\\www\\mapa\\app\\Views\\layouts\\mapa.php')
 3 FCPATH\vendor\codeigniter4\framework\system\View\View.php(227): CodeIgniter\View\View->CodeIgniter\View\{closure}()
 4 SYSTEMPATH\Common.php(1171): CodeIgniter\View\View->render('layouts/mapa', [], true)
 5 APPPATH\Controllers\Eventos.php(198): view('layouts/mapa', [...])
 6 FCPATH\vendor\codeigniter4\framework\system\CodeIgniter.php(933): App\Controllers\Eventos->obtenerEvento('images', 'profile', '17.jpg')
 7 FCPATH\vendor\codeigniter4\framework\system\CodeIgniter.php(507): CodeIgniter\CodeIgniter->runController(Object(App\Controllers\Eventos))
 8 FCPATH\vendor\codeigniter4\framework\system\CodeIgniter.php(354): CodeIgniter\CodeIgniter->handleRequest(null, Object(Config\Cache), false)
 9 SYSTEMPATH\Boot.php(334): CodeIgniter\CodeIgniter->run()
10 SYSTEMPATH\Boot.php(67): CodeIgniter\Boot::runCodeIgniter(Object(CodeIgniter\CodeIgniter))
11 FCPATH\index.php(56): CodeIgniter\Boot::bootWeb(Object(Config\Paths))
CRITICAL - 2025-02-27 18:15:14 --> ErrorException: Trying to access array offset on value of type null
[Method: GET, Route: Eventos/obtenerEvento/images/profile/17.jpg]
in APPPATH\Views\layouts\mapa.php on line 273.
 1 APPPATH\Views\layouts\mapa.php(273): CodeIgniter\Debug\Exceptions->errorHandler(2, 'Trying to access array offset on value of type null', 'C:\\laragon\\www\\mapa\\app\\Views\\layouts\\mapa.php', 273)
 2 FCPATH\vendor\codeigniter4\framework\system\View\View.php(224): include('C:\\laragon\\www\\mapa\\app\\Views\\layouts\\mapa.php')
 3 FCPATH\vendor\codeigniter4\framework\system\View\View.php(227): CodeIgniter\View\View->CodeIgniter\View\{closure}()
 4 SYSTEMPATH\Common.php(1171): CodeIgniter\View\View->render('layouts/mapa', [], true)
 5 APPPATH\Controllers\Eventos.php(198): view('layouts/mapa', [...])
 6 FCPATH\vendor\codeigniter4\framework\system\CodeIgniter.php(933): App\Controllers\Eventos->obtenerEvento('images', 'profile', '17.jpg')
 7 FCPATH\vendor\codeigniter4\framework\system\CodeIgniter.php(507): CodeIgniter\CodeIgniter->runController(Object(App\Controllers\Eventos))
 8 FCPATH\vendor\codeigniter4\framework\system\CodeIgniter.php(354): CodeIgniter\CodeIgniter->handleRequest(null, Object(Config\Cache), false)
 9 SYSTEMPATH\Boot.php(334): CodeIgniter\CodeIgniter->run()
10 SYSTEMPATH\Boot.php(67): CodeIgniter\Boot::runCodeIgniter(Object(CodeIgniter\CodeIgniter))
11 FCPATH\index.php(56): CodeIgniter\Boot::bootWeb(Object(Config\Paths))
CRITICAL - 2025-02-27 18:42:14 --> ErrorException: Trying to access array offset on value of type null
[Method: GET, Route: Eventos/obtenerEvento/images/profile/17.jpg]
in APPPATH\Views\layouts\mapa.php on line 273.
 1 APPPATH\Views\layouts\mapa.php(273): CodeIgniter\Debug\Exceptions->errorHandler(2, 'Trying to access array offset on value of type null', 'C:\\laragon\\www\\mapa\\app\\Views\\layouts\\mapa.php', 273)
 2 FCPATH\vendor\codeigniter4\framework\system\View\View.php(224): include('C:\\laragon\\www\\mapa\\app\\Views\\layouts\\mapa.php')
 3 FCPATH\vendor\codeigniter4\framework\system\View\View.php(227): CodeIgniter\View\View->CodeIgniter\View\{closure}()
 4 SYSTEMPATH\Common.php(1171): CodeIgniter\View\View->render('layouts/mapa', [], true)
 5 APPPATH\Controllers\Eventos.php(198): view('layouts/mapa', [...])
 6 FCPATH\vendor\codeigniter4\framework\system\CodeIgniter.php(933): App\Controllers\Eventos->obtenerEvento('images', 'profile', '17.jpg')
 7 FCPATH\vendor\codeigniter4\framework\system\CodeIgniter.php(507): CodeIgniter\CodeIgniter->runController(Object(App\Controllers\Eventos))
 8 FCPATH\vendor\codeigniter4\framework\system\CodeIgniter.php(354): CodeIgniter\CodeIgniter->handleRequest(null, Object(Config\Cache), false)
 9 SYSTEMPATH\Boot.php(334): CodeIgniter\CodeIgniter->run()
10 SYSTEMPATH\Boot.php(67): CodeIgniter\Boot::runCodeIgniter(Object(CodeIgniter\CodeIgniter))
11 FCPATH\index.php(56): CodeIgniter\Boot::bootWeb(Object(Config\Paths))
CRITICAL - 2025-02-27 18:42:44 --> ErrorException: Trying to access array offset on value of type null
[Method: GET, Route: Eventos/obtenerEvento/images/profile/17.jpg]
in APPPATH\Views\layouts\mapa.php on line 273.
 1 APPPATH\Views\layouts\mapa.php(273): CodeIgniter\Debug\Exceptions->errorHandler(2, 'Trying to access array offset on value of type null', 'C:\\laragon\\www\\mapa\\app\\Views\\layouts\\mapa.php', 273)
 2 FCPATH\vendor\codeigniter4\framework\system\View\View.php(224): include('C:\\laragon\\www\\mapa\\app\\Views\\layouts\\mapa.php')
 3 FCPATH\vendor\codeigniter4\framework\system\View\View.php(227): CodeIgniter\View\View->CodeIgniter\View\{closure}()
 4 SYSTEMPATH\Common.php(1171): CodeIgniter\View\View->render('layouts/mapa', [], true)
 5 APPPATH\Controllers\Eventos.php(198): view('layouts/mapa', [...])
 6 FCPATH\vendor\codeigniter4\framework\system\CodeIgniter.php(933): App\Controllers\Eventos->obtenerEvento('images', 'profile', '17.jpg')
 7 FCPATH\vendor\codeigniter4\framework\system\CodeIgniter.php(507): CodeIgniter\CodeIgniter->runController(Object(App\Controllers\Eventos))
 8 FCPATH\vendor\codeigniter4\framework\system\CodeIgniter.php(354): CodeIgniter\CodeIgniter->handleRequest(null, Object(Config\Cache), false)
 9 SYSTEMPATH\Boot.php(334): CodeIgniter\CodeIgniter->run()
10 SYSTEMPATH\Boot.php(67): CodeIgniter\Boot::runCodeIgniter(Object(CodeIgniter\CodeIgniter))
11 FCPATH\index.php(56): CodeIgniter\Boot::bootWeb(Object(Config\Paths))
CRITICAL - 2025-02-27 18:57:27 --> ErrorException: Trying to access array offset on value of type null
[Method: GET, Route: Eventos/obtenerEvento/images/profile/17.jpg]
in APPPATH\Views\layouts\mapa.php on line 273.
 1 APPPATH\Views\layouts\mapa.php(273): CodeIgniter\Debug\Exceptions->errorHandler(2, 'Trying to access array offset on value of type null', 'C:\\laragon\\www\\mapa\\app\\Views\\layouts\\mapa.php', 273)
 2 FCPATH\vendor\codeigniter4\framework\system\View\View.php(224): include('C:\\laragon\\www\\mapa\\app\\Views\\layouts\\mapa.php')
 3 FCPATH\vendor\codeigniter4\framework\system\View\View.php(227): CodeIgniter\View\View->CodeIgniter\View\{closure}()
 4 SYSTEMPATH\Common.php(1171): CodeIgniter\View\View->render('layouts/mapa', [], true)
 5 APPPATH\Controllers\Eventos.php(198): view('layouts/mapa', [...])
 6 FCPATH\vendor\codeigniter4\framework\system\CodeIgniter.php(933): App\Controllers\Eventos->obtenerEvento('images', 'profile', '17.jpg')
 7 FCPATH\vendor\codeigniter4\framework\system\CodeIgniter.php(507): CodeIgniter\CodeIgniter->runController(Object(App\Controllers\Eventos))
 8 FCPATH\vendor\codeigniter4\framework\system\CodeIgniter.php(354): CodeIgniter\CodeIgniter->handleRequest(null, Object(Config\Cache), false)
 9 SYSTEMPATH\Boot.php(334): CodeIgniter\CodeIgniter->run()
10 SYSTEMPATH\Boot.php(67): CodeIgniter\Boot::runCodeIgniter(Object(CodeIgniter\CodeIgniter))
11 FCPATH\index.php(56): CodeIgniter\Boot::bootWeb(Object(Config\Paths))
CRITICAL - 2025-02-27 18:57:38 --> ErrorException: Trying to access array offset on value of type null
[Method: GET, Route: Eventos/obtenerEvento/images/profile/17.jpg]
in APPPATH\Views\layouts\mapa.php on line 273.
 1 APPPATH\Views\layouts\mapa.php(273): CodeIgniter\Debug\Exceptions->errorHandler(2, 'Trying to access array offset on value of type null', 'C:\\laragon\\www\\mapa\\app\\Views\\layouts\\mapa.php', 273)
 2 FCPATH\vendor\codeigniter4\framework\system\View\View.php(224): include('C:\\laragon\\www\\mapa\\app\\Views\\layouts\\mapa.php')
 3 FCPATH\vendor\codeigniter4\framework\system\View\View.php(227): CodeIgniter\View\View->CodeIgniter\View\{closure}()
 4 SYSTEMPATH\Common.php(1171): CodeIgniter\View\View->render('layouts/mapa', [], true)
 5 APPPATH\Controllers\Eventos.php(198): view('layouts/mapa', [...])
 6 FCPATH\vendor\codeigniter4\framework\system\CodeIgniter.php(933): App\Controllers\Eventos->obtenerEvento('images', 'profile', '17.jpg')
 7 FCPATH\vendor\codeigniter4\framework\system\CodeIgniter.php(507): CodeIgniter\CodeIgniter->runController(Object(App\Controllers\Eventos))
 8 FCPATH\vendor\codeigniter4\framework\system\CodeIgniter.php(354): CodeIgniter\CodeIgniter->handleRequest(null, Object(Config\Cache), false)
 9 SYSTEMPATH\Boot.php(334): CodeIgniter\CodeIgniter->run()
10 SYSTEMPATH\Boot.php(67): CodeIgniter\Boot::runCodeIgniter(Object(CodeIgniter\CodeIgniter))
11 FCPATH\index.php(56): CodeIgniter\Boot::bootWeb(Object(Config\Paths))
