CRITICAL - 2025-02-28 14:40:38 --> ErrorException: Trying to access array offset on value of type null
[Method: GET, Route: Eventos/obtenerEvento/images/profile/17.jpg]
in APPPATH\Views\layouts\mapa.php on line 273.
 1 APPPATH\Views\layouts\mapa.php(273): CodeIgniter\Debug\Exceptions->errorHandler(2, 'Trying to access array offset on value of type null', 'C:\\laragon\\www\\mapa\\app\\Views\\layouts\\mapa.php', 273)
 2 FCPATH\vendor\codeigniter4\framework\system\View\View.php(224): include('C:\\laragon\\www\\mapa\\app\\Views\\layouts\\mapa.php')
 3 FCPATH\vendor\codeigniter4\framework\system\View\View.php(227): CodeIgniter\View\View->CodeIgniter\View\{closure}()
 4 SYSTEMPATH\Common.php(1171): CodeIgniter\View\View->render('layouts/mapa', [], true)
 5 APPPATH\Controllers\Eventos.php(198): view('layouts/mapa', [...])
 6 FCPATH\vendor\codeigniter4\framework\system\CodeIgniter.php(933): App\Controllers\Eventos->obtenerEvento('images', 'profile', '17.jpg')
 7 FCPATH\vendor\codeigniter4\framework\system\CodeIgniter.php(507): CodeIgniter\CodeIgniter->runController(Object(App\Controllers\Eventos))
 8 FCPATH\vendor\codeigniter4\framework\system\CodeIgniter.php(354): CodeIgniter\CodeIgniter->handleRequest(null, Object(Config\Cache), false)
 9 SYSTEMPATH\Boot.php(334): CodeIgniter\CodeIgniter->run()
10 SYSTEMPATH\Boot.php(67): CodeIgniter\Boot::runCodeIgniter(Object(CodeIgniter\CodeIgniter))
11 FCPATH\index.php(56): CodeIgniter\Boot::bootWeb(Object(Config\Paths))
CRITICAL - 2025-02-28 14:47:33 --> ErrorException: Trying to access array offset on value of type null
[Method: GET, Route: Eventos/obtenerEvento/images/profile/17.jpg]
in APPPATH\Views\layouts\mapa.php on line 273.
 1 APPPATH\Views\layouts\mapa.php(273): CodeIgniter\Debug\Exceptions->errorHandler(2, 'Trying to access array offset on value of type null', 'C:\\laragon\\www\\mapa\\app\\Views\\layouts\\mapa.php', 273)
 2 FCPATH\vendor\codeigniter4\framework\system\View\View.php(224): include('C:\\laragon\\www\\mapa\\app\\Views\\layouts\\mapa.php')
 3 FCPATH\vendor\codeigniter4\framework\system\View\View.php(227): CodeIgniter\View\View->CodeIgniter\View\{closure}()
 4 SYSTEMPATH\Common.php(1171): CodeIgniter\View\View->render('layouts/mapa', [], true)
 5 APPPATH\Controllers\Eventos.php(198): view('layouts/mapa', [...])
 6 FCPATH\vendor\codeigniter4\framework\system\CodeIgniter.php(933): App\Controllers\Eventos->obtenerEvento('images', 'profile', '17.jpg')
 7 FCPATH\vendor\codeigniter4\framework\system\CodeIgniter.php(507): CodeIgniter\CodeIgniter->runController(Object(App\Controllers\Eventos))
 8 FCPATH\vendor\codeigniter4\framework\system\CodeIgniter.php(354): CodeIgniter\CodeIgniter->handleRequest(null, Object(Config\Cache), false)
 9 SYSTEMPATH\Boot.php(334): CodeIgniter\CodeIgniter->run()
10 SYSTEMPATH\Boot.php(67): CodeIgniter\Boot::runCodeIgniter(Object(CodeIgniter\CodeIgniter))
11 FCPATH\index.php(56): CodeIgniter\Boot::bootWeb(Object(Config\Paths))
CRITICAL - 2025-02-28 14:51:42 --> ErrorException: Trying to access array offset on value of type null
[Method: GET, Route: Eventos/obtenerEvento/images/profile/17.jpg]
in APPPATH\Views\layouts\mapa.php on line 273.
 1 APPPATH\Views\layouts\mapa.php(273): CodeIgniter\Debug\Exceptions->errorHandler(2, 'Trying to access array offset on value of type null', 'C:\\laragon\\www\\mapa\\app\\Views\\layouts\\mapa.php', 273)
 2 FCPATH\vendor\codeigniter4\framework\system\View\View.php(224): include('C:\\laragon\\www\\mapa\\app\\Views\\layouts\\mapa.php')
 3 FCPATH\vendor\codeigniter4\framework\system\View\View.php(227): CodeIgniter\View\View->CodeIgniter\View\{closure}()
 4 SYSTEMPATH\Common.php(1171): CodeIgniter\View\View->render('layouts/mapa', [], true)
 5 APPPATH\Controllers\Eventos.php(198): view('layouts/mapa', [...])
 6 FCPATH\vendor\codeigniter4\framework\system\CodeIgniter.php(933): App\Controllers\Eventos->obtenerEvento('images', 'profile', '17.jpg')
 7 FCPATH\vendor\codeigniter4\framework\system\CodeIgniter.php(507): CodeIgniter\CodeIgniter->runController(Object(App\Controllers\Eventos))
 8 FCPATH\vendor\codeigniter4\framework\system\CodeIgniter.php(354): CodeIgniter\CodeIgniter->handleRequest(null, Object(Config\Cache), false)
 9 SYSTEMPATH\Boot.php(334): CodeIgniter\CodeIgniter->run()
10 SYSTEMPATH\Boot.php(67): CodeIgniter\Boot::runCodeIgniter(Object(CodeIgniter\CodeIgniter))
11 FCPATH\index.php(56): CodeIgniter\Boot::bootWeb(Object(Config\Paths))
CRITICAL - 2025-02-28 16:14:21 --> ErrorException: Trying to access array offset on value of type null
[Method: GET, Route: Eventos/obtenerEvento/images/profile/17.jpg]
in APPPATH\Views\layouts\mapa.php on line 272.
 1 APPPATH\Views\layouts\mapa.php(272): CodeIgniter\Debug\Exceptions->errorHandler(2, 'Trying to access array offset on value of type null', 'C:\\laragon\\www\\mapa\\app\\Views\\layouts\\mapa.php', 272)
 2 FCPATH\vendor\codeigniter4\framework\system\View\View.php(224): include('C:\\laragon\\www\\mapa\\app\\Views\\layouts\\mapa.php')
 3 FCPATH\vendor\codeigniter4\framework\system\View\View.php(227): CodeIgniter\View\View->CodeIgniter\View\{closure}()
 4 SYSTEMPATH\Common.php(1171): CodeIgniter\View\View->render('layouts/mapa', [], true)
 5 APPPATH\Controllers\Eventos.php(198): view('layouts/mapa', [...])
 6 FCPATH\vendor\codeigniter4\framework\system\CodeIgniter.php(933): App\Controllers\Eventos->obtenerEvento('images', 'profile', '17.jpg')
 7 FCPATH\vendor\codeigniter4\framework\system\CodeIgniter.php(507): CodeIgniter\CodeIgniter->runController(Object(App\Controllers\Eventos))
 8 FCPATH\vendor\codeigniter4\framework\system\CodeIgniter.php(354): CodeIgniter\CodeIgniter->handleRequest(null, Object(Config\Cache), false)
 9 SYSTEMPATH\Boot.php(334): CodeIgniter\CodeIgniter->run()
10 SYSTEMPATH\Boot.php(67): CodeIgniter\Boot::runCodeIgniter(Object(CodeIgniter\CodeIgniter))
11 FCPATH\index.php(56): CodeIgniter\Boot::bootWeb(Object(Config\Paths))
CRITICAL - 2025-02-28 22:28:27 --> ErrorException: Trying to access array offset on value of type null
[Method: GET, Route: Eventos/obtenerEvento/images/profile/17.jpg]
in APPPATH\Views\layouts\mapa.php on line 272.
 1 APPPATH\Views\layouts\mapa.php(272): CodeIgniter\Debug\Exceptions->errorHandler(2, 'Trying to access array offset on value of type null', 'C:\\laragon\\www\\mapa\\app\\Views\\layouts\\mapa.php', 272)
 2 FCPATH\vendor\codeigniter4\framework\system\View\View.php(224): include('C:\\laragon\\www\\mapa\\app\\Views\\layouts\\mapa.php')
 3 FCPATH\vendor\codeigniter4\framework\system\View\View.php(227): CodeIgniter\View\View->CodeIgniter\View\{closure}()
 4 SYSTEMPATH\Common.php(1171): CodeIgniter\View\View->render('layouts/mapa', [], true)
 5 APPPATH\Controllers\Eventos.php(198): view('layouts/mapa', [...])
 6 FCPATH\vendor\codeigniter4\framework\system\CodeIgniter.php(933): App\Controllers\Eventos->obtenerEvento('images', 'profile', '17.jpg')
 7 FCPATH\vendor\codeigniter4\framework\system\CodeIgniter.php(507): CodeIgniter\CodeIgniter->runController(Object(App\Controllers\Eventos))
 8 FCPATH\vendor\codeigniter4\framework\system\CodeIgniter.php(354): CodeIgniter\CodeIgniter->handleRequest(null, Object(Config\Cache), false)
 9 SYSTEMPATH\Boot.php(334): CodeIgniter\CodeIgniter->run()
10 SYSTEMPATH\Boot.php(67): CodeIgniter\Boot::runCodeIgniter(Object(CodeIgniter\CodeIgniter))
11 FCPATH\index.php(56): CodeIgniter\Boot::bootWeb(Object(Config\Paths))
CRITICAL - 2025-02-28 22:28:33 --> ErrorException: Trying to access array offset on value of type null
[Method: GET, Route: Eventos/obtenerEvento/images/profile/17.jpg]
in APPPATH\Views\layouts\mapa.php on line 272.
 1 APPPATH\Views\layouts\mapa.php(272): CodeIgniter\Debug\Exceptions->errorHandler(2, 'Trying to access array offset on value of type null', 'C:\\laragon\\www\\mapa\\app\\Views\\layouts\\mapa.php', 272)
 2 FCPATH\vendor\codeigniter4\framework\system\View\View.php(224): include('C:\\laragon\\www\\mapa\\app\\Views\\layouts\\mapa.php')
 3 FCPATH\vendor\codeigniter4\framework\system\View\View.php(227): CodeIgniter\View\View->CodeIgniter\View\{closure}()
 4 SYSTEMPATH\Common.php(1171): CodeIgniter\View\View->render('layouts/mapa', [], true)
 5 APPPATH\Controllers\Eventos.php(198): view('layouts/mapa', [...])
 6 FCPATH\vendor\codeigniter4\framework\system\CodeIgniter.php(933): App\Controllers\Eventos->obtenerEvento('images', 'profile', '17.jpg')
 7 FCPATH\vendor\codeigniter4\framework\system\CodeIgniter.php(507): CodeIgniter\CodeIgniter->runController(Object(App\Controllers\Eventos))
 8 FCPATH\vendor\codeigniter4\framework\system\CodeIgniter.php(354): CodeIgniter\CodeIgniter->handleRequest(null, Object(Config\Cache), false)
 9 SYSTEMPATH\Boot.php(334): CodeIgniter\CodeIgniter->run()
10 SYSTEMPATH\Boot.php(67): CodeIgniter\Boot::runCodeIgniter(Object(CodeIgniter\CodeIgniter))
11 FCPATH\index.php(56): CodeIgniter\Boot::bootWeb(Object(Config\Paths))
CRITICAL - 2025-02-28 22:28:34 --> ErrorException: Trying to access array offset on value of type null
[Method: GET, Route: Eventos/obtenerEvento/images/profile/17.jpg]
in APPPATH\Views\layouts\mapa.php on line 272.
 1 APPPATH\Views\layouts\mapa.php(272): CodeIgniter\Debug\Exceptions->errorHandler(2, 'Trying to access array offset on value of type null', 'C:\\laragon\\www\\mapa\\app\\Views\\layouts\\mapa.php', 272)
 2 FCPATH\vendor\codeigniter4\framework\system\View\View.php(224): include('C:\\laragon\\www\\mapa\\app\\Views\\layouts\\mapa.php')
 3 FCPATH\vendor\codeigniter4\framework\system\View\View.php(227): CodeIgniter\View\View->CodeIgniter\View\{closure}()
 4 SYSTEMPATH\Common.php(1171): CodeIgniter\View\View->render('layouts/mapa', [], true)
 5 APPPATH\Controllers\Eventos.php(198): view('layouts/mapa', [...])
 6 FCPATH\vendor\codeigniter4\framework\system\CodeIgniter.php(933): App\Controllers\Eventos->obtenerEvento('images', 'profile', '17.jpg')
 7 FCPATH\vendor\codeigniter4\framework\system\CodeIgniter.php(507): CodeIgniter\CodeIgniter->runController(Object(App\Controllers\Eventos))
 8 FCPATH\vendor\codeigniter4\framework\system\CodeIgniter.php(354): CodeIgniter\CodeIgniter->handleRequest(null, Object(Config\Cache), false)
 9 SYSTEMPATH\Boot.php(334): CodeIgniter\CodeIgniter->run()
10 SYSTEMPATH\Boot.php(67): CodeIgniter\Boot::runCodeIgniter(Object(CodeIgniter\CodeIgniter))
11 FCPATH\index.php(56): CodeIgniter\Boot::bootWeb(Object(Config\Paths))
CRITICAL - 2025-02-28 22:28:34 --> ErrorException: Trying to access array offset on value of type null
[Method: GET, Route: Eventos/obtenerEvento/images/profile/17.jpg]
in APPPATH\Views\layouts\mapa.php on line 272.
 1 APPPATH\Views\layouts\mapa.php(272): CodeIgniter\Debug\Exceptions->errorHandler(2, 'Trying to access array offset on value of type null', 'C:\\laragon\\www\\mapa\\app\\Views\\layouts\\mapa.php', 272)
 2 FCPATH\vendor\codeigniter4\framework\system\View\View.php(224): include('C:\\laragon\\www\\mapa\\app\\Views\\layouts\\mapa.php')
 3 FCPATH\vendor\codeigniter4\framework\system\View\View.php(227): CodeIgniter\View\View->CodeIgniter\View\{closure}()
 4 SYSTEMPATH\Common.php(1171): CodeIgniter\View\View->render('layouts/mapa', [], true)
 5 APPPATH\Controllers\Eventos.php(198): view('layouts/mapa', [...])
 6 FCPATH\vendor\codeigniter4\framework\system\CodeIgniter.php(933): App\Controllers\Eventos->obtenerEvento('images', 'profile', '17.jpg')
 7 FCPATH\vendor\codeigniter4\framework\system\CodeIgniter.php(507): CodeIgniter\CodeIgniter->runController(Object(App\Controllers\Eventos))
 8 FCPATH\vendor\codeigniter4\framework\system\CodeIgniter.php(354): CodeIgniter\CodeIgniter->handleRequest(null, Object(Config\Cache), false)
 9 SYSTEMPATH\Boot.php(334): CodeIgniter\CodeIgniter->run()
10 SYSTEMPATH\Boot.php(67): CodeIgniter\Boot::runCodeIgniter(Object(CodeIgniter\CodeIgniter))
11 FCPATH\index.php(56): CodeIgniter\Boot::bootWeb(Object(Config\Paths))
CRITICAL - 2025-02-28 22:28:34 --> ErrorException: Trying to access array offset on value of type null
[Method: GET, Route: Eventos/obtenerEvento/images/profile/17.jpg]
in APPPATH\Views\layouts\mapa.php on line 272.
 1 APPPATH\Views\layouts\mapa.php(272): CodeIgniter\Debug\Exceptions->errorHandler(2, 'Trying to access array offset on value of type null', 'C:\\laragon\\www\\mapa\\app\\Views\\layouts\\mapa.php', 272)
 2 FCPATH\vendor\codeigniter4\framework\system\View\View.php(224): include('C:\\laragon\\www\\mapa\\app\\Views\\layouts\\mapa.php')
 3 FCPATH\vendor\codeigniter4\framework\system\View\View.php(227): CodeIgniter\View\View->CodeIgniter\View\{closure}()
 4 SYSTEMPATH\Common.php(1171): CodeIgniter\View\View->render('layouts/mapa', [], true)
 5 APPPATH\Controllers\Eventos.php(198): view('layouts/mapa', [...])
 6 FCPATH\vendor\codeigniter4\framework\system\CodeIgniter.php(933): App\Controllers\Eventos->obtenerEvento('images', 'profile', '17.jpg')
 7 FCPATH\vendor\codeigniter4\framework\system\CodeIgniter.php(507): CodeIgniter\CodeIgniter->runController(Object(App\Controllers\Eventos))
 8 FCPATH\vendor\codeigniter4\framework\system\CodeIgniter.php(354): CodeIgniter\CodeIgniter->handleRequest(null, Object(Config\Cache), false)
 9 SYSTEMPATH\Boot.php(334): CodeIgniter\CodeIgniter->run()
10 SYSTEMPATH\Boot.php(67): CodeIgniter\Boot::runCodeIgniter(Object(CodeIgniter\CodeIgniter))
11 FCPATH\index.php(56): CodeIgniter\Boot::bootWeb(Object(Config\Paths))
CRITICAL - 2025-02-28 22:28:39 --> ErrorException: Trying to access array offset on value of type null
[Method: GET, Route: Eventos/obtenerEvento/images/profile/17.jpg]
in APPPATH\Views\layouts\mapa.php on line 272.
 1 APPPATH\Views\layouts\mapa.php(272): CodeIgniter\Debug\Exceptions->errorHandler(2, 'Trying to access array offset on value of type null', 'C:\\laragon\\www\\mapa\\app\\Views\\layouts\\mapa.php', 272)
 2 FCPATH\vendor\codeigniter4\framework\system\View\View.php(224): include('C:\\laragon\\www\\mapa\\app\\Views\\layouts\\mapa.php')
 3 FCPATH\vendor\codeigniter4\framework\system\View\View.php(227): CodeIgniter\View\View->CodeIgniter\View\{closure}()
 4 SYSTEMPATH\Common.php(1171): CodeIgniter\View\View->render('layouts/mapa', [], true)
 5 APPPATH\Controllers\Eventos.php(198): view('layouts/mapa', [...])
 6 FCPATH\vendor\codeigniter4\framework\system\CodeIgniter.php(933): App\Controllers\Eventos->obtenerEvento('images', 'profile', '17.jpg')
 7 FCPATH\vendor\codeigniter4\framework\system\CodeIgniter.php(507): CodeIgniter\CodeIgniter->runController(Object(App\Controllers\Eventos))
 8 FCPATH\vendor\codeigniter4\framework\system\CodeIgniter.php(354): CodeIgniter\CodeIgniter->handleRequest(null, Object(Config\Cache), false)
 9 SYSTEMPATH\Boot.php(334): CodeIgniter\CodeIgniter->run()
10 SYSTEMPATH\Boot.php(67): CodeIgniter\Boot::runCodeIgniter(Object(CodeIgniter\CodeIgniter))
11 FCPATH\index.php(56): CodeIgniter\Boot::bootWeb(Object(Config\Paths))
CRITICAL - 2025-02-28 22:29:52 --> ErrorException: Trying to access array offset on value of type null
[Method: GET, Route: Eventos/obtenerEvento/images/profile/17.jpg]
in APPPATH\Views\layouts\mapa.php on line 272.
 1 APPPATH\Views\layouts\mapa.php(272): CodeIgniter\Debug\Exceptions->errorHandler(2, 'Trying to access array offset on value of type null', 'C:\\laragon\\www\\mapa\\app\\Views\\layouts\\mapa.php', 272)
 2 FCPATH\vendor\codeigniter4\framework\system\View\View.php(224): include('C:\\laragon\\www\\mapa\\app\\Views\\layouts\\mapa.php')
 3 FCPATH\vendor\codeigniter4\framework\system\View\View.php(227): CodeIgniter\View\View->CodeIgniter\View\{closure}()
 4 SYSTEMPATH\Common.php(1171): CodeIgniter\View\View->render('layouts/mapa', [], true)
 5 APPPATH\Controllers\Eventos.php(198): view('layouts/mapa', [...])
 6 FCPATH\vendor\codeigniter4\framework\system\CodeIgniter.php(933): App\Controllers\Eventos->obtenerEvento('images', 'profile', '17.jpg')
 7 FCPATH\vendor\codeigniter4\framework\system\CodeIgniter.php(507): CodeIgniter\CodeIgniter->runController(Object(App\Controllers\Eventos))
 8 FCPATH\vendor\codeigniter4\framework\system\CodeIgniter.php(354): CodeIgniter\CodeIgniter->handleRequest(null, Object(Config\Cache), false)
 9 SYSTEMPATH\Boot.php(334): CodeIgniter\CodeIgniter->run()
10 SYSTEMPATH\Boot.php(67): CodeIgniter\Boot::runCodeIgniter(Object(CodeIgniter\CodeIgniter))
11 FCPATH\index.php(56): CodeIgniter\Boot::bootWeb(Object(Config\Paths))
CRITICAL - 2025-02-28 22:30:00 --> ErrorException: Trying to access array offset on value of type null
[Method: GET, Route: Eventos/obtenerEvento/images/profile/17.jpg]
in APPPATH\Views\layouts\mapa.php on line 272.
 1 APPPATH\Views\layouts\mapa.php(272): CodeIgniter\Debug\Exceptions->errorHandler(2, 'Trying to access array offset on value of type null', 'C:\\laragon\\www\\mapa\\app\\Views\\layouts\\mapa.php', 272)
 2 FCPATH\vendor\codeigniter4\framework\system\View\View.php(224): include('C:\\laragon\\www\\mapa\\app\\Views\\layouts\\mapa.php')
 3 FCPATH\vendor\codeigniter4\framework\system\View\View.php(227): CodeIgniter\View\View->CodeIgniter\View\{closure}()
 4 SYSTEMPATH\Common.php(1171): CodeIgniter\View\View->render('layouts/mapa', [], true)
 5 APPPATH\Controllers\Eventos.php(198): view('layouts/mapa', [...])
 6 FCPATH\vendor\codeigniter4\framework\system\CodeIgniter.php(933): App\Controllers\Eventos->obtenerEvento('images', 'profile', '17.jpg')
 7 FCPATH\vendor\codeigniter4\framework\system\CodeIgniter.php(507): CodeIgniter\CodeIgniter->runController(Object(App\Controllers\Eventos))
 8 FCPATH\vendor\codeigniter4\framework\system\CodeIgniter.php(354): CodeIgniter\CodeIgniter->handleRequest(null, Object(Config\Cache), false)
 9 SYSTEMPATH\Boot.php(334): CodeIgniter\CodeIgniter->run()
10 SYSTEMPATH\Boot.php(67): CodeIgniter\Boot::runCodeIgniter(Object(CodeIgniter\CodeIgniter))
11 FCPATH\index.php(56): CodeIgniter\Boot::bootWeb(Object(Config\Paths))
