CRITICAL - 2025-03-07 14:40:52 --> ErrorException: Trying to access array offset on value of type null
[Method: GET, Route: Eventos/obtenerEvento/images/profile/17.jpg]
in APPPATH\Views\layouts\mapa.php on line 117.
 1 APPPATH\Views\layouts\mapa.php(117): CodeIgniter\Debug\Exceptions->errorHandler(2, 'Trying to access array offset on value of type null', 'C:\\laragon\\www\\mapa\\app\\Views\\layouts\\mapa.php', 117)
 2 FCPATH\vendor\codeigniter4\framework\system\View\View.php(224): include('C:\\laragon\\www\\mapa\\app\\Views\\layouts\\mapa.php')
 3 FCPATH\vendor\codeigniter4\framework\system\View\View.php(227): CodeIgniter\View\View->CodeIgniter\View\{closure}()
 4 SYSTEMPATH\Common.php(1171): CodeIgniter\View\View->render('layouts/mapa', [], true)
 5 APPPATH\Controllers\Eventos.php(198): view('layouts/mapa', [...])
 6 FCPATH\vendor\codeigniter4\framework\system\CodeIgniter.php(933): App\Controllers\Eventos->obtenerEvento('images', 'profile', '17.jpg')
 7 FCPATH\vendor\codeigniter4\framework\system\CodeIgniter.php(507): CodeIgniter\CodeIgniter->runController(Object(App\Controllers\Eventos))
 8 FCPATH\vendor\codeigniter4\framework\system\CodeIgniter.php(354): CodeIgniter\CodeIgniter->handleRequest(null, Object(Config\Cache), false)
 9 SYSTEMPATH\Boot.php(334): CodeIgniter\CodeIgniter->run()
10 SYSTEMPATH\Boot.php(67): CodeIgniter\Boot::runCodeIgniter(Object(CodeIgniter\CodeIgniter))
11 FCPATH\index.php(56): CodeIgniter\Boot::bootWeb(Object(Config\Paths))
CRITICAL - 2025-03-07 14:49:59 --> ErrorException: Trying to access array offset on value of type null
[Method: GET, Route: Eventos/obtenerEvento/images/profile/17.jpg]
in APPPATH\Views\layouts\mapa.php on line 117.
 1 APPPATH\Views\layouts\mapa.php(117): CodeIgniter\Debug\Exceptions->errorHandler(2, 'Trying to access array offset on value of type null', 'C:\\laragon\\www\\mapa\\app\\Views\\layouts\\mapa.php', 117)
 2 FCPATH\vendor\codeigniter4\framework\system\View\View.php(224): include('C:\\laragon\\www\\mapa\\app\\Views\\layouts\\mapa.php')
 3 FCPATH\vendor\codeigniter4\framework\system\View\View.php(227): CodeIgniter\View\View->CodeIgniter\View\{closure}()
 4 SYSTEMPATH\Common.php(1171): CodeIgniter\View\View->render('layouts/mapa', [], true)
 5 APPPATH\Controllers\Eventos.php(198): view('layouts/mapa', [...])
 6 FCPATH\vendor\codeigniter4\framework\system\CodeIgniter.php(933): App\Controllers\Eventos->obtenerEvento('images', 'profile', '17.jpg')
 7 FCPATH\vendor\codeigniter4\framework\system\CodeIgniter.php(507): CodeIgniter\CodeIgniter->runController(Object(App\Controllers\Eventos))
 8 FCPATH\vendor\codeigniter4\framework\system\CodeIgniter.php(354): CodeIgniter\CodeIgniter->handleRequest(null, Object(Config\Cache), false)
 9 SYSTEMPATH\Boot.php(334): CodeIgniter\CodeIgniter->run()
10 SYSTEMPATH\Boot.php(67): CodeIgniter\Boot::runCodeIgniter(Object(CodeIgniter\CodeIgniter))
11 FCPATH\index.php(56): CodeIgniter\Boot::bootWeb(Object(Config\Paths))
CRITICAL - 2025-03-07 15:42:50 --> ErrorException: Trying to access array offset on value of type null
[Method: GET, Route: Eventos/obtenerEvento/images/profile/17.jpg]
in APPPATH\Views\layouts\mapa.php on line 117.
 1 APPPATH\Views\layouts\mapa.php(117): CodeIgniter\Debug\Exceptions->errorHandler(2, 'Trying to access array offset on value of type null', 'C:\\laragon\\www\\mapa\\app\\Views\\layouts\\mapa.php', 117)
 2 FCPATH\vendor\codeigniter4\framework\system\View\View.php(224): include('C:\\laragon\\www\\mapa\\app\\Views\\layouts\\mapa.php')
 3 FCPATH\vendor\codeigniter4\framework\system\View\View.php(227): CodeIgniter\View\View->CodeIgniter\View\{closure}()
 4 SYSTEMPATH\Common.php(1171): CodeIgniter\View\View->render('layouts/mapa', [], true)
 5 APPPATH\Controllers\Eventos.php(198): view('layouts/mapa', [...])
 6 FCPATH\vendor\codeigniter4\framework\system\CodeIgniter.php(933): App\Controllers\Eventos->obtenerEvento('images', 'profile', '17.jpg')
 7 FCPATH\vendor\codeigniter4\framework\system\CodeIgniter.php(507): CodeIgniter\CodeIgniter->runController(Object(App\Controllers\Eventos))
 8 FCPATH\vendor\codeigniter4\framework\system\CodeIgniter.php(354): CodeIgniter\CodeIgniter->handleRequest(null, Object(Config\Cache), false)
 9 SYSTEMPATH\Boot.php(334): CodeIgniter\CodeIgniter->run()
10 SYSTEMPATH\Boot.php(67): CodeIgniter\Boot::runCodeIgniter(Object(CodeIgniter\CodeIgniter))
11 FCPATH\index.php(56): CodeIgniter\Boot::bootWeb(Object(Config\Paths))
CRITICAL - 2025-03-07 16:22:24 --> ErrorException: Trying to access array offset on value of type null
[Method: GET, Route: Eventos/obtenerEvento/images/profile/17.jpg]
in APPPATH\Views\layouts\mapa.php on line 117.
 1 APPPATH\Views\layouts\mapa.php(117): CodeIgniter\Debug\Exceptions->errorHandler(2, 'Trying to access array offset on value of type null', 'C:\\laragon\\www\\mapa\\app\\Views\\layouts\\mapa.php', 117)
 2 FCPATH\vendor\codeigniter4\framework\system\View\View.php(224): include('C:\\laragon\\www\\mapa\\app\\Views\\layouts\\mapa.php')
 3 FCPATH\vendor\codeigniter4\framework\system\View\View.php(227): CodeIgniter\View\View->CodeIgniter\View\{closure}()
 4 SYSTEMPATH\Common.php(1171): CodeIgniter\View\View->render('layouts/mapa', [], true)
 5 APPPATH\Controllers\Eventos.php(198): view('layouts/mapa', [...])
 6 FCPATH\vendor\codeigniter4\framework\system\CodeIgniter.php(933): App\Controllers\Eventos->obtenerEvento('images', 'profile', '17.jpg')
 7 FCPATH\vendor\codeigniter4\framework\system\CodeIgniter.php(507): CodeIgniter\CodeIgniter->runController(Object(App\Controllers\Eventos))
 8 FCPATH\vendor\codeigniter4\framework\system\CodeIgniter.php(354): CodeIgniter\CodeIgniter->handleRequest(null, Object(Config\Cache), false)
 9 SYSTEMPATH\Boot.php(334): CodeIgniter\CodeIgniter->run()
10 SYSTEMPATH\Boot.php(67): CodeIgniter\Boot::runCodeIgniter(Object(CodeIgniter\CodeIgniter))
11 FCPATH\index.php(56): CodeIgniter\Boot::bootWeb(Object(Config\Paths))
CRITICAL - 2025-03-07 16:57:59 --> ErrorException: Trying to access array offset on value of type null
[Method: GET, Route: Eventos/obtenerEvento/images/profile/17.jpg]
in APPPATH\Views\layouts\mapa.php on line 117.
 1 APPPATH\Views\layouts\mapa.php(117): CodeIgniter\Debug\Exceptions->errorHandler(2, 'Trying to access array offset on value of type null', 'C:\\laragon\\www\\mapa\\app\\Views\\layouts\\mapa.php', 117)
 2 FCPATH\vendor\codeigniter4\framework\system\View\View.php(224): include('C:\\laragon\\www\\mapa\\app\\Views\\layouts\\mapa.php')
 3 FCPATH\vendor\codeigniter4\framework\system\View\View.php(227): CodeIgniter\View\View->CodeIgniter\View\{closure}()
 4 SYSTEMPATH\Common.php(1171): CodeIgniter\View\View->render('layouts/mapa', [], true)
 5 APPPATH\Controllers\Eventos.php(198): view('layouts/mapa', [...])
 6 FCPATH\vendor\codeigniter4\framework\system\CodeIgniter.php(933): App\Controllers\Eventos->obtenerEvento('images', 'profile', '17.jpg')
 7 FCPATH\vendor\codeigniter4\framework\system\CodeIgniter.php(507): CodeIgniter\CodeIgniter->runController(Object(App\Controllers\Eventos))
 8 FCPATH\vendor\codeigniter4\framework\system\CodeIgniter.php(354): CodeIgniter\CodeIgniter->handleRequest(null, Object(Config\Cache), false)
 9 SYSTEMPATH\Boot.php(334): CodeIgniter\CodeIgniter->run()
10 SYSTEMPATH\Boot.php(67): CodeIgniter\Boot::runCodeIgniter(Object(CodeIgniter\CodeIgniter))
11 FCPATH\index.php(56): CodeIgniter\Boot::bootWeb(Object(Config\Paths))
CRITICAL - 2025-03-07 16:59:07 --> ErrorException: Trying to access array offset on value of type null
[Method: GET, Route: Eventos/obtenerEvento/images/profile/17.jpg]
in APPPATH\Views\layouts\mapa.php on line 117.
 1 APPPATH\Views\layouts\mapa.php(117): CodeIgniter\Debug\Exceptions->errorHandler(2, 'Trying to access array offset on value of type null', 'C:\\laragon\\www\\mapa\\app\\Views\\layouts\\mapa.php', 117)
 2 FCPATH\vendor\codeigniter4\framework\system\View\View.php(224): include('C:\\laragon\\www\\mapa\\app\\Views\\layouts\\mapa.php')
 3 FCPATH\vendor\codeigniter4\framework\system\View\View.php(227): CodeIgniter\View\View->CodeIgniter\View\{closure}()
 4 SYSTEMPATH\Common.php(1171): CodeIgniter\View\View->render('layouts/mapa', [], true)
 5 APPPATH\Controllers\Eventos.php(198): view('layouts/mapa', [...])
 6 FCPATH\vendor\codeigniter4\framework\system\CodeIgniter.php(933): App\Controllers\Eventos->obtenerEvento('images', 'profile', '17.jpg')
 7 FCPATH\vendor\codeigniter4\framework\system\CodeIgniter.php(507): CodeIgniter\CodeIgniter->runController(Object(App\Controllers\Eventos))
 8 FCPATH\vendor\codeigniter4\framework\system\CodeIgniter.php(354): CodeIgniter\CodeIgniter->handleRequest(null, Object(Config\Cache), false)
 9 SYSTEMPATH\Boot.php(334): CodeIgniter\CodeIgniter->run()
10 SYSTEMPATH\Boot.php(67): CodeIgniter\Boot::runCodeIgniter(Object(CodeIgniter\CodeIgniter))
11 FCPATH\index.php(56): CodeIgniter\Boot::bootWeb(Object(Config\Paths))
CRITICAL - 2025-03-07 17:00:41 --> ErrorException: Trying to access array offset on value of type null
[Method: GET, Route: Eventos/obtenerEvento/images/profile/17.jpg]
in APPPATH\Views\layouts\mapa.php on line 117.
 1 APPPATH\Views\layouts\mapa.php(117): CodeIgniter\Debug\Exceptions->errorHandler(2, 'Trying to access array offset on value of type null', 'C:\\laragon\\www\\mapa\\app\\Views\\layouts\\mapa.php', 117)
 2 FCPATH\vendor\codeigniter4\framework\system\View\View.php(224): include('C:\\laragon\\www\\mapa\\app\\Views\\layouts\\mapa.php')
 3 FCPATH\vendor\codeigniter4\framework\system\View\View.php(227): CodeIgniter\View\View->CodeIgniter\View\{closure}()
 4 SYSTEMPATH\Common.php(1171): CodeIgniter\View\View->render('layouts/mapa', [], true)
 5 APPPATH\Controllers\Eventos.php(198): view('layouts/mapa', [...])
 6 FCPATH\vendor\codeigniter4\framework\system\CodeIgniter.php(933): App\Controllers\Eventos->obtenerEvento('images', 'profile', '17.jpg')
 7 FCPATH\vendor\codeigniter4\framework\system\CodeIgniter.php(507): CodeIgniter\CodeIgniter->runController(Object(App\Controllers\Eventos))
 8 FCPATH\vendor\codeigniter4\framework\system\CodeIgniter.php(354): CodeIgniter\CodeIgniter->handleRequest(null, Object(Config\Cache), false)
 9 SYSTEMPATH\Boot.php(334): CodeIgniter\CodeIgniter->run()
10 SYSTEMPATH\Boot.php(67): CodeIgniter\Boot::runCodeIgniter(Object(CodeIgniter\CodeIgniter))
11 FCPATH\index.php(56): CodeIgniter\Boot::bootWeb(Object(Config\Paths))
CRITICAL - 2025-03-07 17:43:00 --> ErrorException: Trying to access array offset on value of type null
[Method: GET, Route: Eventos/obtenerEvento/images/profile/17.jpg]
in APPPATH\Views\layouts\mapa.php on line 117.
 1 APPPATH\Views\layouts\mapa.php(117): CodeIgniter\Debug\Exceptions->errorHandler(2, 'Trying to access array offset on value of type null', 'C:\\laragon\\www\\mapa\\app\\Views\\layouts\\mapa.php', 117)
 2 FCPATH\vendor\codeigniter4\framework\system\View\View.php(224): include('C:\\laragon\\www\\mapa\\app\\Views\\layouts\\mapa.php')
 3 FCPATH\vendor\codeigniter4\framework\system\View\View.php(227): CodeIgniter\View\View->CodeIgniter\View\{closure}()
 4 SYSTEMPATH\Common.php(1171): CodeIgniter\View\View->render('layouts/mapa', [], true)
 5 APPPATH\Controllers\Eventos.php(198): view('layouts/mapa', [...])
 6 FCPATH\vendor\codeigniter4\framework\system\CodeIgniter.php(933): App\Controllers\Eventos->obtenerEvento('images', 'profile', '17.jpg')
 7 FCPATH\vendor\codeigniter4\framework\system\CodeIgniter.php(507): CodeIgniter\CodeIgniter->runController(Object(App\Controllers\Eventos))
 8 FCPATH\vendor\codeigniter4\framework\system\CodeIgniter.php(354): CodeIgniter\CodeIgniter->handleRequest(null, Object(Config\Cache), false)
 9 SYSTEMPATH\Boot.php(334): CodeIgniter\CodeIgniter->run()
10 SYSTEMPATH\Boot.php(67): CodeIgniter\Boot::runCodeIgniter(Object(CodeIgniter\CodeIgniter))
11 FCPATH\index.php(56): CodeIgniter\Boot::bootWeb(Object(Config\Paths))
CRITICAL - 2025-03-07 18:16:40 --> ErrorException: Trying to access array offset on value of type null
[Method: GET, Route: Eventos/obtenerEvento/images/profile/17.jpg]
in APPPATH\Views\layouts\mapa.php on line 117.
 1 APPPATH\Views\layouts\mapa.php(117): CodeIgniter\Debug\Exceptions->errorHandler(2, 'Trying to access array offset on value of type null', 'C:\\laragon\\www\\mapa\\app\\Views\\layouts\\mapa.php', 117)
 2 FCPATH\vendor\codeigniter4\framework\system\View\View.php(224): include('C:\\laragon\\www\\mapa\\app\\Views\\layouts\\mapa.php')
 3 FCPATH\vendor\codeigniter4\framework\system\View\View.php(227): CodeIgniter\View\View->CodeIgniter\View\{closure}()
 4 SYSTEMPATH\Common.php(1171): CodeIgniter\View\View->render('layouts/mapa', [], true)
 5 APPPATH\Controllers\Eventos.php(198): view('layouts/mapa', [...])
 6 FCPATH\vendor\codeigniter4\framework\system\CodeIgniter.php(933): App\Controllers\Eventos->obtenerEvento('images', 'profile', '17.jpg')
 7 FCPATH\vendor\codeigniter4\framework\system\CodeIgniter.php(507): CodeIgniter\CodeIgniter->runController(Object(App\Controllers\Eventos))
 8 FCPATH\vendor\codeigniter4\framework\system\CodeIgniter.php(354): CodeIgniter\CodeIgniter->handleRequest(null, Object(Config\Cache), false)
 9 SYSTEMPATH\Boot.php(334): CodeIgniter\CodeIgniter->run()
10 SYSTEMPATH\Boot.php(67): CodeIgniter\Boot::runCodeIgniter(Object(CodeIgniter\CodeIgniter))
11 FCPATH\index.php(56): CodeIgniter\Boot::bootWeb(Object(Config\Paths))
CRITICAL - 2025-03-07 18:20:05 --> ErrorException: Trying to access array offset on value of type null
[Method: GET, Route: Eventos/obtenerEvento/images/profile/17.jpg]
in APPPATH\Views\layouts\mapa.php on line 117.
 1 APPPATH\Views\layouts\mapa.php(117): CodeIgniter\Debug\Exceptions->errorHandler(2, 'Trying to access array offset on value of type null', 'C:\\laragon\\www\\mapa\\app\\Views\\layouts\\mapa.php', 117)
 2 FCPATH\vendor\codeigniter4\framework\system\View\View.php(224): include('C:\\laragon\\www\\mapa\\app\\Views\\layouts\\mapa.php')
 3 FCPATH\vendor\codeigniter4\framework\system\View\View.php(227): CodeIgniter\View\View->CodeIgniter\View\{closure}()
 4 SYSTEMPATH\Common.php(1171): CodeIgniter\View\View->render('layouts/mapa', [], true)
 5 APPPATH\Controllers\Eventos.php(198): view('layouts/mapa', [...])
 6 FCPATH\vendor\codeigniter4\framework\system\CodeIgniter.php(933): App\Controllers\Eventos->obtenerEvento('images', 'profile', '17.jpg')
 7 FCPATH\vendor\codeigniter4\framework\system\CodeIgniter.php(507): CodeIgniter\CodeIgniter->runController(Object(App\Controllers\Eventos))
 8 FCPATH\vendor\codeigniter4\framework\system\CodeIgniter.php(354): CodeIgniter\CodeIgniter->handleRequest(null, Object(Config\Cache), false)
 9 SYSTEMPATH\Boot.php(334): CodeIgniter\CodeIgniter->run()
10 SYSTEMPATH\Boot.php(67): CodeIgniter\Boot::runCodeIgniter(Object(CodeIgniter\CodeIgniter))
11 FCPATH\index.php(56): CodeIgniter\Boot::bootWeb(Object(Config\Paths))
CRITICAL - 2025-03-07 18:20:09 --> ErrorException: Trying to access array offset on value of type null
[Method: GET, Route: Eventos/obtenerEvento/images/profile/17.jpg]
in APPPATH\Views\layouts\mapa.php on line 117.
 1 APPPATH\Views\layouts\mapa.php(117): CodeIgniter\Debug\Exceptions->errorHandler(2, 'Trying to access array offset on value of type null', 'C:\\laragon\\www\\mapa\\app\\Views\\layouts\\mapa.php', 117)
 2 FCPATH\vendor\codeigniter4\framework\system\View\View.php(224): include('C:\\laragon\\www\\mapa\\app\\Views\\layouts\\mapa.php')
 3 FCPATH\vendor\codeigniter4\framework\system\View\View.php(227): CodeIgniter\View\View->CodeIgniter\View\{closure}()
 4 SYSTEMPATH\Common.php(1171): CodeIgniter\View\View->render('layouts/mapa', [], true)
 5 APPPATH\Controllers\Eventos.php(198): view('layouts/mapa', [...])
 6 FCPATH\vendor\codeigniter4\framework\system\CodeIgniter.php(933): App\Controllers\Eventos->obtenerEvento('images', 'profile', '17.jpg')
 7 FCPATH\vendor\codeigniter4\framework\system\CodeIgniter.php(507): CodeIgniter\CodeIgniter->runController(Object(App\Controllers\Eventos))
 8 FCPATH\vendor\codeigniter4\framework\system\CodeIgniter.php(354): CodeIgniter\CodeIgniter->handleRequest(null, Object(Config\Cache), false)
 9 SYSTEMPATH\Boot.php(334): CodeIgniter\CodeIgniter->run()
10 SYSTEMPATH\Boot.php(67): CodeIgniter\Boot::runCodeIgniter(Object(CodeIgniter\CodeIgniter))
11 FCPATH\index.php(56): CodeIgniter\Boot::bootWeb(Object(Config\Paths))
CRITICAL - 2025-03-07 18:34:53 --> ErrorException: Trying to access array offset on value of type null
[Method: GET, Route: Eventos/obtenerEvento/images/profile/17.jpg]
in APPPATH\Views\layouts\mapa.php on line 117.
 1 APPPATH\Views\layouts\mapa.php(117): CodeIgniter\Debug\Exceptions->errorHandler(2, 'Trying to access array offset on value of type null', 'C:\\laragon\\www\\mapa\\app\\Views\\layouts\\mapa.php', 117)
 2 FCPATH\vendor\codeigniter4\framework\system\View\View.php(224): include('C:\\laragon\\www\\mapa\\app\\Views\\layouts\\mapa.php')
 3 FCPATH\vendor\codeigniter4\framework\system\View\View.php(227): CodeIgniter\View\View->CodeIgniter\View\{closure}()
 4 SYSTEMPATH\Common.php(1171): CodeIgniter\View\View->render('layouts/mapa', [], true)
 5 APPPATH\Controllers\Eventos.php(198): view('layouts/mapa', [...])
 6 FCPATH\vendor\codeigniter4\framework\system\CodeIgniter.php(933): App\Controllers\Eventos->obtenerEvento('images', 'profile', '17.jpg')
 7 FCPATH\vendor\codeigniter4\framework\system\CodeIgniter.php(507): CodeIgniter\CodeIgniter->runController(Object(App\Controllers\Eventos))
 8 FCPATH\vendor\codeigniter4\framework\system\CodeIgniter.php(354): CodeIgniter\CodeIgniter->handleRequest(null, Object(Config\Cache), false)
 9 SYSTEMPATH\Boot.php(334): CodeIgniter\CodeIgniter->run()
10 SYSTEMPATH\Boot.php(67): CodeIgniter\Boot::runCodeIgniter(Object(CodeIgniter\CodeIgniter))
11 FCPATH\index.php(56): CodeIgniter\Boot::bootWeb(Object(Config\Paths))
CRITICAL - 2025-03-07 19:01:29 --> ErrorException: Trying to access array offset on value of type null
[Method: GET, Route: Eventos/obtenerEvento/images/profile/17.jpg]
in APPPATH\Views\layouts\mapa.php on line 117.
 1 APPPATH\Views\layouts\mapa.php(117): CodeIgniter\Debug\Exceptions->errorHandler(2, 'Trying to access array offset on value of type null', 'C:\\laragon\\www\\mapa\\app\\Views\\layouts\\mapa.php', 117)
 2 FCPATH\vendor\codeigniter4\framework\system\View\View.php(224): include('C:\\laragon\\www\\mapa\\app\\Views\\layouts\\mapa.php')
 3 FCPATH\vendor\codeigniter4\framework\system\View\View.php(227): CodeIgniter\View\View->CodeIgniter\View\{closure}()
 4 SYSTEMPATH\Common.php(1171): CodeIgniter\View\View->render('layouts/mapa', [], true)
 5 APPPATH\Controllers\Eventos.php(198): view('layouts/mapa', [...])
 6 FCPATH\vendor\codeigniter4\framework\system\CodeIgniter.php(933): App\Controllers\Eventos->obtenerEvento('images', 'profile', '17.jpg')
 7 FCPATH\vendor\codeigniter4\framework\system\CodeIgniter.php(507): CodeIgniter\CodeIgniter->runController(Object(App\Controllers\Eventos))
 8 FCPATH\vendor\codeigniter4\framework\system\CodeIgniter.php(354): CodeIgniter\CodeIgniter->handleRequest(null, Object(Config\Cache), false)
 9 SYSTEMPATH\Boot.php(334): CodeIgniter\CodeIgniter->run()
10 SYSTEMPATH\Boot.php(67): CodeIgniter\Boot::runCodeIgniter(Object(CodeIgniter\CodeIgniter))
11 FCPATH\index.php(56): CodeIgniter\Boot::bootWeb(Object(Config\Paths))
